<?xml version="1.0" encoding="UTF-8"?>
<testsuite xmlns:xsi="http://www.w3.org/2001/XMLSchema-instance" xsi:noNamespaceSchemaLocation="https://maven.apache.org/surefire/maven-surefire-plugin/xsd/surefire-test-report.xsd" name="pwo.AppTest" time="0.012" tests="1" errors="0" skipped="0" failures="0">
  <properties>
    <property name="java.specification.version" value="16"/>
    <property name="sun.jnu.encoding" value="UTF-8"/>
    <property name="java.class.path" value="/Users/nadyasimakovich/Desktop/pwo/lab07/target/test-classes:/Users/nadyasimakovich/Desktop/pwo/lab07/target/classes:/Users/nadyasimakovich/.m2/repository/junit/junit/4.11/junit-4.11.jar:/Users/nadyasimakovich/.m2/repository/org/hamcrest/hamcrest-core/1.3/hamcrest-core-1.3.jar:/Users/nadyasimakovich/.m2/repository/org/apache/pdfbox/pdfbox/2.0.1/pdfbox-2.0.1.jar:/Users/nadyasimakovich/.m2/repository/org/apache/pdfbox/fontbox/2.0.1/fontbox-2.0.1.jar:/Users/nadyasimakovich/.m2/repository/commons-logging/commons-logging/1.2/commons-logging-1.2.jar:"/>
    <property name="java.vm.vendor" value="Azul Systems, Inc."/>
    <property name="sun.arch.data.model" value="64"/>
    <property name="java.vendor.url" value="http://www.azul.com/"/>
    <property name="os.name" value="Mac OS X"/>
    <property name="java.vm.specification.version" value="16"/>
    <property name="sun.java.launcher" value="SUN_STANDARD"/>
    <property name="user.country" value="PL"/>
    <property name="sun.boot.library.path" value="/Users/nadyasimakovich/Library/Java/JavaVirtualMachines/azul-16.0.2/Contents/Home/lib"/>
    <property name="sun.java.command" value="/Users/nadyasimakovich/Desktop/pwo/lab07/target/surefire/surefirebooter386257881362774823.jar /Users/nadyasimakovich/Desktop/pwo/lab07/target/surefire 2023-11-24T16-06-02_724-jvmRun1 surefire12531091538209859197tmp surefire_04004473010535744843tmp"/>
    <property name="http.nonProxyHosts" value="local|*.local|169.254/16|*.169.254/16"/>
    <property name="jdk.debug" value="release"/>
    <property name="surefire.test.class.path" value="/Users/nadyasimakovich/Desktop/pwo/lab07/target/test-classes:/Users/nadyasimakovich/Desktop/pwo/lab07/target/classes:/Users/nadyasimakovich/.m2/repository/junit/junit/4.11/junit-4.11.jar:/Users/nadyasimakovich/.m2/repository/org/hamcrest/hamcrest-core/1.3/hamcrest-core-1.3.jar:/Users/nadyasimakovich/.m2/repository/org/apache/pdfbox/pdfbox/2.0.1/pdfbox-2.0.1.jar:/Users/nadyasimakovich/.m2/repository/org/apache/pdfbox/fontbox/2.0.1/fontbox-2.0.1.jar:/Users/nadyasimakovich/.m2/repository/commons-logging/commons-logging/1.2/commons-logging-1.2.jar:"/>
    <property name="sun.cpu.endian" value="little"/>
    <property name="user.home" value="/Users/nadyasimakovich"/>
    <property name="user.language" value="pl"/>
    <property name="java.specification.vendor" value="Oracle Corporation"/>
    <property name="java.version.date" value="2021-07-20"/>
    <property name="java.home" value="/Users/nadyasimakovich/Library/Java/JavaVirtualMachines/azul-16.0.2/Contents/Home"/>
    <property name="file.separator" value="/"/>
    <property name="basedir" value="/Users/nadyasimakovich/Desktop/pwo/lab07"/>
    <property name="java.vm.compressedOopsMode" value="Zero based"/>
    <property name="line.separator" value="&#10;"/>
    <property name="java.specification.name" value="Java Platform API Specification"/>
    <property name="java.vm.specification.vendor" value="Oracle Corporation"/>
    <property name="surefire.real.class.path" value="/Users/nadyasimakovich/Desktop/pwo/lab07/target/surefire/surefirebooter386257881362774823.jar"/>
    <property name="sun.management.compiler" value="HotSpot 64-Bit Tiered Compilers"/>
    <property name="ftp.nonProxyHosts" value="local|*.local|169.254/16|*.169.254/16"/>
    <property name="java.runtime.version" value="16.0.2+7"/>
    <property name="user.name" value="nadyasimakovich"/>
    <property name="path.separator" value=":"/>
    <property name="os.version" value="14.1"/>
    <property name="java.runtime.name" value="OpenJDK Runtime Environment"/>
    <property name="file.encoding" value="UTF-8"/>
    <property name="java.vm.name" value="OpenJDK 64-Bit Server VM"/>
    <property name="java.vendor.version" value="Zulu16.32+15-CA"/>
    <property name="localRepository" value="/Users/nadyasimakovich/.m2/repository"/>
    <property name="java.vendor.url.bug" value="http://www.azul.com/support/"/>
    <property name="java.io.tmpdir" value="/var/folders/hm/873pzx6s6rn107ttd0q5bzpr0000gn/T/"/>
    <property name="java.version" value="16.0.2"/>
    <property name="user.dir" value="/Users/nadyasimakovich/Desktop/pwo/lab07"/>
    <property name="os.arch" value="aarch64"/>
    <property name="java.vm.specification.name" value="Java Virtual Machine Specification"/>
    <property name="java.library.path" value="/Users/nadyasimakovich/Library/Java/Extensions:/Library/Java/Extensions:/Network/Library/Java/Extensions:/System/Library/Java/Extensions:/usr/lib/java:."/>
    <property name="java.vm.info" value="mixed mode"/>
    <property name="java.vendor" value="Azul Systems, Inc."/>
    <property name="java.vm.version" value="16.0.2+7"/>
    <property name="sun.io.unicode.encoding" value="UnicodeBig"/>
    <property name="socksNonProxyHosts" value="local|*.local|169.254/16|*.169.254/16"/>
    <property name="java.class.version" value="60.0"/>
  </properties>
  <testcase name="shouldAnswerWithTrue" classname="pwo.AppTest" time="0"/>
</testsuite>